"../../../../../Users/CEDRIC/Desktop/RollBoll_Remake/RollBollRemake/Content/Blueprints/Widgets/Widget_Gameplay.uasset" 0
"../../../../../Users/CEDRIC/Desktop/RollBoll_Remake/RollBollRemake/Content/Blueprints/Widgets/Widget_GameOver.uasset" 1
"../../../../../Users/CEDRIC/Desktop/RollBoll_Remake/RollBollRemake/Content/Blueprints/Widgets/Widget_MainMenu.uasset" 2
"../../../../../Users/CEDRIC/Desktop/RollBoll_Remake/RollBollRemake/Content/Blueprints/BP_WidgetsManager.uasset" 3
"../../../../../Users/CEDRIC/Desktop/RollBoll_Remake/RollBollRemake/Content/LPSDeluxe2TropicalEnvironment/LPSD2_Textures/T_LPSNoise.uasset" 4
"../../../Engine/Content/EngineMaterials/WeightMapPlaceholderTexture.uasset" 5
"../../../Engine/Content/EngineMaterials/DefaultDiffuse.uasset" 6
"../../../Engine/Content/Functions/Engine_MaterialFunctions01/Gradient/LinearGradient.uasset" 7
"../../../Engine/Content/Functions/Engine_MaterialFunctions01/ImageAdjustment/CheapContrast.uasset" 8
"../../../Engine/Content/Functions/Engine_MaterialFunctions01/Texturing/WorldAlignedTexture.uasset" 9
"../../../../../Users/CEDRIC/Desktop/RollBoll_Remake/RollBollRemake/Content/LPSDeluxe2TropicalEnvironment/LPSD2_Materials/Landscape/M_Landscape_LowPolyTropical.uasset" 10
"../../../../../Users/CEDRIC/Desktop/RollBoll_Remake/RollBollRemake/Content/StarterContent/Shapes/Shape_Sphere.uasset" 11
"../../../../../Users/CEDRIC/Desktop/RollBoll_Remake/RollBollRemake/Content/StarterContent/Shapes/Shape_Plane.uasset" 12
"../../../../../Users/CEDRIC/Desktop/RollBoll_Remake/RollBollRemake/Content/StarterContent/Shapes/Shape_Cube.uasset" 13
"../../../Engine/Content/EditorBlueprintResources/StandardMacros.uasset" 14
"../../../../../Users/CEDRIC/Desktop/RollBoll_Remake/RollBollRemake/Content/Blueprints/MySaveGame.uasset" 15
"../../../../../Users/CEDRIC/Desktop/RollBoll_Remake/RollBollRemake/Content/Blueprints/BP_ScoreComponent.uasset" 16
"../../../Engine/Content/Functions/Engine_MaterialFunctions02/WorldPositionOffset/LocalPosition.uasset" 17
"../../../Engine/Content/Functions/Engine_MaterialFunctions02/Texturing/CustomRotator.uasset" 18
"../../../../../Users/CEDRIC/Desktop/RollBoll_Remake/RollBollRemake/Content/LPSDeluxe2TropicalEnvironment/LPSD2_Materials/Materials/Master_Color/M_Color_Master.uasset" 19
"../../../../../Users/CEDRIC/Desktop/RollBoll_Remake/RollBollRemake/Content/LPSDeluxe2TropicalEnvironment/LPSD2_Materials/Materials/Master_Color_Instances/MI_Color_Gray.uasset" 20
"../../../../../Users/CEDRIC/Desktop/RollBoll_Remake/RollBollRemake/Content/LPSDeluxe2TropicalEnvironment/LPSD2_Meshes/Mountain/SM_TRock_3.uasset" 21
"../../../Engine/Content/Functions/Engine_MaterialFunctions01/Vectors/RotateVector.uasset" 22
"../../../../../Users/CEDRIC/Desktop/RollBoll_Remake/RollBollRemake/Content/LPSDeluxe2TropicalEnvironment/LPSD2_Materials/SpecialMaterials/WindMaterials/M_Wind_Master.uasset" 23
"../../../../../Users/CEDRIC/Desktop/RollBoll_Remake/RollBollRemake/Content/LPSDeluxe2TropicalEnvironment/LPSD2_Materials/SpecialMaterials/WindMaterials/MI_Wind_18.uasset" 24
"../../../../../Users/CEDRIC/Desktop/RollBoll_Remake/RollBollRemake/Content/LPSDeluxe2TropicalEnvironment/LPSD2_Materials/SpecialMaterials/WindMaterials/MI_Wind_1.uasset" 25
"../../../../../Users/CEDRIC/Desktop/RollBoll_Remake/RollBollRemake/Content/LPSDeluxe2TropicalEnvironment/LPSD2_Meshes/Flora/SM_PalmTree_1.uasset" 26
"../../../../../Users/CEDRIC/Desktop/RollBoll_Remake/RollBollRemake/Content/LPSDeluxe2TropicalEnvironment/LPSD2_Materials/SpecialMaterials/2SidedMaterials/M_2Side_Master.uasset" 27
"../../../../../Users/CEDRIC/Desktop/RollBoll_Remake/RollBollRemake/Content/LPSDeluxe2TropicalEnvironment/LPSD2_Materials/SpecialMaterials/2SidedMaterials/M_2Side_White.uasset" 28
"../../../../../Users/CEDRIC/Desktop/RollBoll_Remake/RollBollRemake/Content/LPSDeluxe2TropicalEnvironment/LPSD2_Materials/SpecialMaterials/2SidedMaterials/MI_2Side_Red.uasset" 29
"../../../../../Users/CEDRIC/Desktop/RollBoll_Remake/RollBollRemake/Content/LPSDeluxe2TropicalEnvironment/LPSD2_Meshes/Beach/SM_BeachUmb_1.uasset" 30
"../../../../../Users/CEDRIC/Desktop/RollBoll_Remake/RollBollRemake/Content/LPSDeluxe2TropicalEnvironment/LPSD2_Materials/Materials/Master_Color_Instances/MI_Color_Clay.uasset" 31
"../../../../../Users/CEDRIC/Desktop/RollBoll_Remake/RollBollRemake/Content/LPSDeluxe2TropicalEnvironment/LPSD2_Materials/Materials/Master_Color_Instances/MI_Color_Caramel_2.uasset" 32
"../../../../../Users/CEDRIC/Desktop/RollBoll_Remake/RollBollRemake/Content/LPSDeluxe2TropicalEnvironment/LPSD2_Materials/Materials/Master_Color_Instances/MI_Color_Canvas.uasset" 33
"../../../../../Users/CEDRIC/Desktop/RollBoll_Remake/RollBollRemake/Content/LPSDeluxe2TropicalEnvironment/LPSD2_Meshes/Beach/SM_BeachDock_1.uasset" 34
"../../../../../Users/CEDRIC/Desktop/RollBoll_Remake/RollBollRemake/Content/LPSDeluxe2TropicalEnvironment/LPSD2_Materials/SpecialMaterials/2SidedMaterials/MI_2Side_TropicBlue.uasset" 35
"../../../../../Users/CEDRIC/Desktop/RollBoll_Remake/RollBollRemake/Content/LPSDeluxe2TropicalEnvironment/LPSD2_Materials/SpecialMaterials/2SidedMaterials/MI_2Side_OffWhite.uasset" 36
"../../../../../Users/CEDRIC/Desktop/RollBoll_Remake/RollBollRemake/Content/LPSDeluxe2TropicalEnvironment/LPSD2_Materials/SpecialMaterials/2SidedMaterials/MI_2Side_LightBrown.uasset" 37
"../../../../../Users/CEDRIC/Desktop/RollBoll_Remake/RollBollRemake/Content/LPSDeluxe2TropicalEnvironment/LPSD2_Materials/Materials/Master_Color_Instances/MI_Metal_Steel.uasset" 38
"../../../../../Users/CEDRIC/Desktop/RollBoll_Remake/RollBollRemake/Content/LPSDeluxe2TropicalEnvironment/LPSD2_Meshes/Beach/SM_BeachChair_1.uasset" 39
"../../../Engine/Content/Functions/Engine_MaterialFunctions02/Fresnel_Function.uasset" 40
"../../../Engine/Content/Functions/Engine_MaterialFunctions02/Utility/MakeFloat2.uasset" 41
"../../../Engine/Content/Functions/Engine_MaterialFunctions02/Math/TimeWithSpeedVariable.uasset" 42
"../../../../../Users/CEDRIC/Desktop/RollBoll_Remake/RollBollRemake/Content/LPSDeluxe2TropicalEnvironment/LPSD2_Materials/SpecialMaterials/WaterMaterials/M_Water_Calm.uasset" 43
"../../../../../Users/CEDRIC/Desktop/RollBoll_Remake/RollBollRemake/Content/Blueprints/Actors/BP_Obstacle.uasset" 44
"../../../../../Users/CEDRIC/Desktop/RollBoll_Remake/RollBollRemake/Content/LPSDeluxe2TropicalEnvironment/LPSD2_Materials/Materials/Master_Color_Instances/MI_Color_White.uasset" 45
"../../../../../Users/CEDRIC/Desktop/RollBoll_Remake/RollBollRemake/Content/LPSDeluxe2TropicalEnvironment/LPSD2_Materials/Materials/Master_Color_Instances/MI_Color_Yellow.uasset" 46
"../../../../../Users/CEDRIC/Desktop/RollBoll_Remake/RollBollRemake/Content/LPSDeluxe2TropicalEnvironment/LPSD2_Materials/Materials/Master_Color_Instances/MI_Color_TropicBlue.uasset" 47
"../../../../../Users/CEDRIC/Desktop/RollBoll_Remake/RollBollRemake/Content/LPSDeluxe2TropicalEnvironment/LPSD2_Materials/Materials/Master_Color_Instances/MI_Color_Red.uasset" 48
"../../../../../Users/CEDRIC/Desktop/RollBoll_Remake/RollBollRemake/Content/LPSDeluxe2TropicalEnvironment/LPSD2_Meshes/Beach/SM_BeachBall_1.uasset" 49
"../../../../../Users/CEDRIC/Desktop/RollBoll_Remake/RollBollRemake/Content/Blueprints/Pawns/BP_Player.uasset" 50
"../../../../../Users/CEDRIC/Desktop/RollBoll_Remake/RollBollRemake/Content/Blueprints/BP_GameMode.uasset" 51
"../../../../../Users/CEDRIC/Desktop/RollBoll_Remake/RollBollRemake/Content/LPSDeluxe2TropicalEnvironment/LPSD2_Materials/Materials/Master_Color_Instances/MI_Color_2S_Pine.uasset" 52
"../../../../../Users/CEDRIC/Desktop/RollBoll_Remake/RollBollRemake/Content/LPSDeluxe2TropicalEnvironment/LPSD2_Materials/Materials/Master_Color_Instances/MI_Color_BabyBlue.uasset" 53
"../../../../../Users/CEDRIC/Desktop/RollBoll_Remake/RollBollRemake/Content/LPSDeluxe2TropicalEnvironment/LPSD2_Materials/Materials/Master_Color_Instances/MI_Color_Bamboo.uasset" 54
"../../../../../Users/CEDRIC/Desktop/RollBoll_Remake/RollBollRemake/Content/LPSDeluxe2TropicalEnvironment/LPSD2_Materials/Materials/Master_Color_Instances/MI_Color_Bamboo_2.uasset" 55
"../../../../../Users/CEDRIC/Desktop/RollBoll_Remake/RollBollRemake/Content/LPSDeluxe2TropicalEnvironment/LPSD2_Materials/Materials/Master_Color_Instances/MI_Color_Black.uasset" 56
"../../../../../Users/CEDRIC/Desktop/RollBoll_Remake/RollBollRemake/Content/LPSDeluxe2TropicalEnvironment/LPSD2_Materials/Materials/Master_Color_Instances/MI_Color_BrownGlass.uasset" 57
"../../../../../Users/CEDRIC/Desktop/RollBoll_Remake/RollBollRemake/Content/LPSDeluxe2TropicalEnvironment/LPSD2_Materials/Materials/Master_Color_Instances/MI_Color_Caramel.uasset" 58
"../../../../../Users/CEDRIC/Desktop/RollBoll_Remake/RollBollRemake/Content/LPSDeluxe2TropicalEnvironment/LPSD2_Materials/Materials/Master_Color_Instances/MI_Color_Caramel_3.uasset" 59
"../../../../../Users/CEDRIC/Desktop/RollBoll_Remake/RollBollRemake/Content/LPSDeluxe2TropicalEnvironment/LPSD2_Materials/Materials/Master_Color_Instances/MI_Color_Charcoal.uasset" 60
"../../../../../Users/CEDRIC/Desktop/RollBoll_Remake/RollBollRemake/Content/LPSDeluxe2TropicalEnvironment/LPSD2_Materials/Materials/Master_Color_Instances/MI_Color_Coral.uasset" 61
"../../../../../Users/CEDRIC/Desktop/RollBoll_Remake/RollBollRemake/Content/LPSDeluxe2TropicalEnvironment/LPSD2_Materials/Materials/Master_Color_Instances/MI_Color_CreamOrange.uasset" 62
"../../../../../Users/CEDRIC/Desktop/RollBoll_Remake/RollBollRemake/Content/LPSDeluxe2TropicalEnvironment/LPSD2_Materials/Materials/Master_Color_Instances/MI_Color_Forest.uasset" 63
"../../../../../Users/CEDRIC/Desktop/RollBoll_Remake/RollBollRemake/Content/LPSDeluxe2TropicalEnvironment/LPSD2_Materials/Materials/Master_Color_Instances/MI_Color_Green.uasset" 64
"../../../../../Users/CEDRIC/Desktop/RollBoll_Remake/RollBollRemake/Content/LPSDeluxe2TropicalEnvironment/LPSD2_Materials/Materials/Master_Color_Instances/MI_Color_Lime.uasset" 65
"../../../../../Users/CEDRIC/Desktop/RollBoll_Remake/RollBollRemake/Content/LPSDeluxe2TropicalEnvironment/LPSD2_Materials/Materials/Master_Color_Instances/MI_Color_Oak.uasset" 66
"../../../../../Users/CEDRIC/Desktop/RollBoll_Remake/RollBollRemake/Content/LPSDeluxe2TropicalEnvironment/LPSD2_Materials/Materials/Master_Color_Instances/MI_Color_Ocean.uasset" 67
"../../../../../Users/CEDRIC/Desktop/RollBoll_Remake/RollBollRemake/Content/LPSDeluxe2TropicalEnvironment/LPSD2_Materials/Materials/Master_Color_Instances/MI_Color_Pewter.uasset" 68
"../../../../../Users/CEDRIC/Desktop/RollBoll_Remake/RollBollRemake/Content/LPSDeluxe2TropicalEnvironment/LPSD2_Materials/Materials/Master_Color_Instances/MI_Color_Pine.uasset" 69
"../../../../../Users/CEDRIC/Desktop/RollBoll_Remake/RollBollRemake/Content/LPSDeluxe2TropicalEnvironment/LPSD2_Materials/Materials/Master_Color_Instances/MI_Color_Pink.uasset" 70
"../../../../../Users/CEDRIC/Desktop/RollBoll_Remake/RollBollRemake/Content/LPSDeluxe2TropicalEnvironment/LPSD2_Materials/Materials/Master_Color_Instances/MI_Color_Purple.uasset" 71
"../../../../../Users/CEDRIC/Desktop/RollBoll_Remake/RollBollRemake/Content/LPSDeluxe2TropicalEnvironment/LPSD2_Materials/Materials/Master_Color_Instances/MI_Color_Shamrock.uasset" 72
"../../../../../Users/CEDRIC/Desktop/RollBoll_Remake/RollBollRemake/Content/LPSDeluxe2TropicalEnvironment/LPSD2_Materials/Materials/Master_Color_Instances/MI_Color_Sky.uasset" 73
"../../../../../Users/CEDRIC/Desktop/RollBoll_Remake/RollBollRemake/Content/LPSDeluxe2TropicalEnvironment/LPSD2_Materials/Materials/Master_Color_Instances/MI_Color_Tawny.uasset" 74
"../../../../../Users/CEDRIC/Desktop/RollBoll_Remake/RollBollRemake/Content/LPSDeluxe2TropicalEnvironment/LPSD2_Materials/Materials/Master_Color_Instances/MI_Gem_Amethyst.uasset" 75
"../../../../../Users/CEDRIC/Desktop/RollBoll_Remake/RollBollRemake/Content/LPSDeluxe2TropicalEnvironment/LPSD2_Materials/Materials/Master_Color_Instances/MI_Gem_Emerald.uasset" 76
"../../../../../Users/CEDRIC/Desktop/RollBoll_Remake/RollBollRemake/Content/LPSDeluxe2TropicalEnvironment/LPSD2_Materials/Materials/Master_Color_Instances/MI_Gem_LightAmethyst.uasset" 77
"../../../../../Users/CEDRIC/Desktop/RollBoll_Remake/RollBollRemake/Content/LPSDeluxe2TropicalEnvironment/LPSD2_Materials/Materials/Master_Color_Instances/MI_Gem_Quartz.uasset" 78
"../../../../../Users/CEDRIC/Desktop/RollBoll_Remake/RollBollRemake/Content/LPSDeluxe2TropicalEnvironment/LPSD2_Materials/Materials/Master_Color_Instances/MI_Gem_Ruby.uasset" 79
"../../../../../Users/CEDRIC/Desktop/RollBoll_Remake/RollBollRemake/Content/LPSDeluxe2TropicalEnvironment/LPSD2_Materials/Materials/Master_Color_Instances/MI_Gem_Sapphire.uasset" 80
"../../../../../Users/CEDRIC/Desktop/RollBoll_Remake/RollBollRemake/Content/LPSDeluxe2TropicalEnvironment/LPSD2_Materials/Materials/Master_Color_Instances/MI_Gem_Turquoise.uasset" 81
"../../../../../Users/CEDRIC/Desktop/RollBoll_Remake/RollBollRemake/Content/LPSDeluxe2TropicalEnvironment/LPSD2_Materials/Materials/Master_Color_Instances/MI_Glow_Blue.uasset" 82
"../../../../../Users/CEDRIC/Desktop/RollBoll_Remake/RollBollRemake/Content/LPSDeluxe2TropicalEnvironment/LPSD2_Materials/Materials/Master_Color_Instances/MI_Glow_Lava.uasset" 83
"../../../../../Users/CEDRIC/Desktop/RollBoll_Remake/RollBollRemake/Content/LPSDeluxe2TropicalEnvironment/LPSD2_Materials/Materials/Master_Color_Instances/MI_Glow_Lava_2.uasset" 84
"../../../../../Users/CEDRIC/Desktop/RollBoll_Remake/RollBollRemake/Content/LPSDeluxe2TropicalEnvironment/LPSD2_Materials/Materials/Master_Color_Instances/MI_Glow_Orange.uasset" 85
"../../../../../Users/CEDRIC/Desktop/RollBoll_Remake/RollBollRemake/Content/LPSDeluxe2TropicalEnvironment/LPSD2_Materials/Materials/Master_Color_Instances/MI_Glow_White.uasset" 86
"../../../../../Users/CEDRIC/Desktop/RollBoll_Remake/RollBollRemake/Content/LPSDeluxe2TropicalEnvironment/LPSD2_Materials/Materials/Master_Color_Instances/MI_Glow_Yellow.uasset" 87
"../../../../../Users/CEDRIC/Desktop/RollBoll_Remake/RollBollRemake/Content/LPSDeluxe2TropicalEnvironment/LPSD2_Materials/Materials/Master_Color_Instances/MI_Green_2.uasset" 88
"../../../../../Users/CEDRIC/Desktop/RollBoll_Remake/RollBollRemake/Content/LPSDeluxe2TropicalEnvironment/LPSD2_Materials/Materials/Master_Color_Instances/MI_Metal_Aluminum.uasset" 89
"../../../../../Users/CEDRIC/Desktop/RollBoll_Remake/RollBollRemake/Content/LPSDeluxe2TropicalEnvironment/LPSD2_Materials/Materials/Master_Color_Instances/MI_Metal_Brass.uasset" 90
"../../../../../Users/CEDRIC/Desktop/RollBoll_Remake/RollBollRemake/Content/LPSDeluxe2TropicalEnvironment/LPSD2_Materials/Materials/Master_Color_Instances/MI_Metal_Bronze.uasset" 91
"../../../../../Users/CEDRIC/Desktop/RollBoll_Remake/RollBollRemake/Content/LPSDeluxe2TropicalEnvironment/LPSD2_Materials/Materials/Master_Color_Instances/MI_Metal_Copper.uasset" 92
"../../../../../Users/CEDRIC/Desktop/RollBoll_Remake/RollBollRemake/Content/LPSDeluxe2TropicalEnvironment/LPSD2_Materials/Materials/Master_Color_Instances/MI_Metal_Gold.uasset" 93
"../../../../../Users/CEDRIC/Desktop/RollBoll_Remake/RollBollRemake/Content/LPSDeluxe2TropicalEnvironment/LPSD2_Materials/Materials/Master_Color_Instances/MI_Metal_Iron.uasset" 94
"../../../../../Users/CEDRIC/Desktop/RollBoll_Remake/RollBollRemake/Content/LPSDeluxe2TropicalEnvironment/LPSD2_Materials/Materials/Master_Color_Instances/MI_Metal_Silver.uasset" 95
"../../../../../Users/CEDRIC/Desktop/RollBoll_Remake/RollBollRemake/Content/LPSDeluxe2TropicalEnvironment/LPSD2_Materials/SpecialMaterials/2SidedMaterials/MI_2Side_Black.uasset" 96
"../../../../../Users/CEDRIC/Desktop/RollBoll_Remake/RollBollRemake/Content/LPSDeluxe2TropicalEnvironment/LPSD2_Materials/SpecialMaterials/2SidedMaterials/MI_2Side_BrightOrange.uasset" 97
"../../../../../Users/CEDRIC/Desktop/RollBoll_Remake/RollBollRemake/Content/LPSDeluxe2TropicalEnvironment/LPSD2_Materials/SpecialMaterials/2SidedMaterials/MI_2Side_Brown.uasset" 98
"../../../../../Users/CEDRIC/Desktop/RollBoll_Remake/RollBollRemake/Content/LPSDeluxe2TropicalEnvironment/LPSD2_Materials/SpecialMaterials/2SidedMaterials/MI_2Side_Coconut.uasset" 99
"../../../../../Users/CEDRIC/Desktop/RollBoll_Remake/RollBollRemake/Content/LPSDeluxe2TropicalEnvironment/LPSD2_Materials/SpecialMaterials/2SidedMaterials/MI_2Side_DarkPurple.uasset" 100
"../../../../../Users/CEDRIC/Desktop/RollBoll_Remake/RollBollRemake/Content/LPSDeluxe2TropicalEnvironment/LPSD2_Materials/SpecialMaterials/2SidedMaterials/MI_2Side_Green.uasset" 101
"../../../../../Users/CEDRIC/Desktop/RollBoll_Remake/RollBollRemake/Content/LPSDeluxe2TropicalEnvironment/LPSD2_Materials/SpecialMaterials/2SidedMaterials/MI_2Side_Green_2.uasset" 102
"../../../../../Users/CEDRIC/Desktop/RollBoll_Remake/RollBollRemake/Content/LPSDeluxe2TropicalEnvironment/LPSD2_Materials/SpecialMaterials/2SidedMaterials/MI_2Side_Green_3.uasset" 103
"../../../../../Users/CEDRIC/Desktop/RollBoll_Remake/RollBollRemake/Content/LPSDeluxe2TropicalEnvironment/LPSD2_Materials/SpecialMaterials/2SidedMaterials/MI_2Side_Green_4.uasset" 104
"../../../../../Users/CEDRIC/Desktop/RollBoll_Remake/RollBollRemake/Content/LPSDeluxe2TropicalEnvironment/LPSD2_Materials/SpecialMaterials/2SidedMaterials/MI_2Side_Green_5.uasset" 105
"../../../../../Users/CEDRIC/Desktop/RollBoll_Remake/RollBollRemake/Content/LPSDeluxe2TropicalEnvironment/LPSD2_Materials/SpecialMaterials/2SidedMaterials/MI_2Side_HotPink.uasset" 106
"../../../../../Users/CEDRIC/Desktop/RollBoll_Remake/RollBollRemake/Content/LPSDeluxe2TropicalEnvironment/LPSD2_Materials/SpecialMaterials/2SidedMaterials/MI_2Side_LightBrown_2.uasset" 107
"../../../../../Users/CEDRIC/Desktop/RollBoll_Remake/RollBollRemake/Content/LPSDeluxe2TropicalEnvironment/LPSD2_Materials/SpecialMaterials/2SidedMaterials/MI_2Side_Lime.uasset" 108
"../../../../../Users/CEDRIC/Desktop/RollBoll_Remake/RollBollRemake/Content/LPSDeluxe2TropicalEnvironment/LPSD2_Materials/SpecialMaterials/2SidedMaterials/MI_2Side_Purple.uasset" 109
"../../../Engine/Content/Functions/Engine_MaterialFunctions01/AlphaBlend/WorldAlignedBlend.uasset" 110
"../../../../../Users/CEDRIC/Desktop/RollBoll_Remake/RollBollRemake/Content/LPSDeluxe2TropicalEnvironment/LPSD2_Materials/SpecialMaterials/2ToneMaterials/M_Mount_Master.uasset" 111
"../../../../../Users/CEDRIC/Desktop/RollBoll_Remake/RollBollRemake/Content/LPSDeluxe2TropicalEnvironment/LPSD2_Materials/SpecialMaterials/2ToneMaterials/MI_Mount_CreamOrange.uasset" 112
"../../../../../Users/CEDRIC/Desktop/RollBoll_Remake/RollBollRemake/Content/LPSDeluxe2TropicalEnvironment/LPSD2_Materials/SpecialMaterials/2ToneMaterials/MI_Mount_Gray.uasset" 113
"../../../../../Users/CEDRIC/Desktop/RollBoll_Remake/RollBollRemake/Content/LPSDeluxe2TropicalEnvironment/LPSD2_Materials/SpecialMaterials/2ToneMaterials/MI_Mount_Green.uasset" 114
"../../../../../Users/CEDRIC/Desktop/RollBoll_Remake/RollBollRemake/Content/LPSDeluxe2TropicalEnvironment/LPSD2_Materials/SpecialMaterials/2ToneMaterials/MI_Mount_Green_2.uasset" 115
"../../../../../Users/CEDRIC/Desktop/RollBoll_Remake/RollBollRemake/Content/LPSDeluxe2TropicalEnvironment/LPSD2_Materials/SpecialMaterials/2ToneMaterials/MI_Mount_LightGray.uasset" 116
"../../../../../Users/CEDRIC/Desktop/RollBoll_Remake/RollBollRemake/Content/LPSDeluxe2TropicalEnvironment/LPSD2_Materials/SpecialMaterials/2ToneMaterials/MI_Mount_Purple.uasset" 117
"../../../../../Users/CEDRIC/Desktop/RollBoll_Remake/RollBollRemake/Content/LPSDeluxe2TropicalEnvironment/LPSD2_Materials/SpecialMaterials/2ToneMaterials/MI_Mount_Red.uasset" 118
"../../../../../Users/CEDRIC/Desktop/RollBoll_Remake/RollBollRemake/Content/LPSDeluxe2TropicalEnvironment/LPSD2_Materials/SpecialMaterials/2ToneMaterials/MI_Mount_Slate.uasset" 119
"../../../../../Users/CEDRIC/Desktop/RollBoll_Remake/RollBollRemake/Content/LPSDeluxe2TropicalEnvironment/LPSD2_Materials/SpecialMaterials/2ToneMaterials/MI_Mount_Tan.uasset" 120
"../../../../../Users/CEDRIC/Desktop/RollBoll_Remake/RollBollRemake/Content/LPSDeluxe2TropicalEnvironment/LPSD2_Materials/SpecialMaterials/2ToneMaterials/MI_Mount_TropicBlue.uasset" 121
"../../../../../Users/CEDRIC/Desktop/RollBoll_Remake/RollBollRemake/Content/LPSDeluxe2TropicalEnvironment/LPSD2_Materials/SpecialMaterials/2ToneMaterials/MI_Mount_Volcano.uasset" 122
"../../../../../Users/CEDRIC/Desktop/RollBoll_Remake/RollBollRemake/Content/LPSDeluxe2TropicalEnvironment/LPSD2_Materials/SpecialMaterials/MiscMaterials/M_Glass_Window.uasset" 123
"../../../../../Users/CEDRIC/Desktop/RollBoll_Remake/RollBollRemake/Content/LPSDeluxe2TropicalEnvironment/LPSD2_Textures/T_CoinPile_N.uasset" 124
"../../../../../Users/CEDRIC/Desktop/RollBoll_Remake/RollBollRemake/Content/LPSDeluxe2TropicalEnvironment/LPSD2_Textures/T_CoinPile.uasset" 125
"../../../../../Users/CEDRIC/Desktop/RollBoll_Remake/RollBollRemake/Content/LPSDeluxe2TropicalEnvironment/LPSD2_Materials/SpecialMaterials/MiscMaterials/M_GoldCoin_Base2.uasset" 126
"../../../../../Users/CEDRIC/Desktop/RollBoll_Remake/RollBollRemake/Content/LPSDeluxe2TropicalEnvironment/LPSD2_Materials/SpecialMaterials/MiscMaterials/M_GoldCoin_Base_1.uasset" 127
"../../../../../Users/CEDRIC/Desktop/RollBoll_Remake/RollBollRemake/Content/LPSDeluxe2TropicalEnvironment/LPSD2_Materials/SpecialMaterials/MiscMaterials/M_GoldCoin_Top_1.uasset" 128
"../../../../../Users/CEDRIC/Desktop/RollBoll_Remake/RollBollRemake/Content/LPSDeluxe2TropicalEnvironment/LPSD2_Materials/SpecialMaterials/MiscMaterials/M_GoldCoin_Top_2.uasset" 129
"../../../../../Users/CEDRIC/Desktop/RollBoll_Remake/RollBollRemake/Content/LPSDeluxe2TropicalEnvironment/LPSD2_Textures/T_Waves.uasset" 130
"../../../../../Users/CEDRIC/Desktop/RollBoll_Remake/RollBollRemake/Content/LPSDeluxe2TropicalEnvironment/LPSD2_Textures/T_JollyRoger.uasset" 131
"../../../Engine/Content/Functions/Engine_MaterialFunctions01/WorldPositionOffset/SimpleGrassWind.uasset" 132
"../../../../../Users/CEDRIC/Desktop/RollBoll_Remake/RollBollRemake/Content/LPSDeluxe2TropicalEnvironment/LPSD2_Materials/SpecialMaterials/MiscMaterials/M_JollyRoger.uasset" 133
"../../../../../Users/CEDRIC/Desktop/RollBoll_Remake/RollBollRemake/Content/LPSDeluxe2TropicalEnvironment/LPSD2_Materials/SpecialMaterials/MiscMaterials/M_JollyRogerDisplay.uasset" 134
"../../../../../Users/CEDRIC/Desktop/RollBoll_Remake/RollBollRemake/Content/LPSDeluxe2TropicalEnvironment/LPSD2_Materials/SpecialMaterials/MiscMaterials/M_LavaFlow_1.uasset" 135
"../../../../../Users/CEDRIC/Desktop/RollBoll_Remake/RollBollRemake/Content/LPSDeluxe2TropicalEnvironment/LPSD2_Materials/SpecialMaterials/MiscMaterials/M_LavaFlow_2.uasset" 136
"../../../../../Users/CEDRIC/Desktop/RollBoll_Remake/RollBollRemake/Content/LPSDeluxe2TropicalEnvironment/LPSD2_Materials/SpecialMaterials/MiscMaterials/M_LavaFlow_3.uasset" 137
"../../../../../Users/CEDRIC/Desktop/RollBoll_Remake/RollBollRemake/Content/LPSDeluxe2TropicalEnvironment/LPSD2_Materials/SpecialMaterials/MiscMaterials/M_Torch.uasset" 138
"../../../../../Users/CEDRIC/Desktop/RollBoll_Remake/RollBollRemake/Content/LPSDeluxe2TropicalEnvironment/LPSD2_Materials/SpecialMaterials/MiscMaterials/M_TreeBreeze.uasset" 139
"../../../../../Users/CEDRIC/Desktop/RollBoll_Remake/RollBollRemake/Content/LPSDeluxe2TropicalEnvironment/LPSD2_Materials/SpecialMaterials/MiscMaterials/M_TreeBreeze_Display.uasset" 140
"../../../../../Users/CEDRIC/Desktop/RollBoll_Remake/RollBollRemake/Content/LPSDeluxe2TropicalEnvironment/LPSD2_Materials/SpecialMaterials/MiscMaterials/M_VolcanoSmoke.uasset" 141
"../../../../../Users/CEDRIC/Desktop/RollBoll_Remake/RollBollRemake/Content/LPSDeluxe2TropicalEnvironment/LPSD2_Materials/SpecialMaterials/MiscMaterials/M_WindSails.uasset" 142
"../../../../../Users/CEDRIC/Desktop/RollBoll_Remake/RollBollRemake/Content/LPSDeluxe2TropicalEnvironment/LPSD2_Textures/T_WoodPlank_N.uasset" 143
"../../../../../Users/CEDRIC/Desktop/RollBoll_Remake/RollBollRemake/Content/LPSDeluxe2TropicalEnvironment/LPSD2_Textures/T_WoodPlank.uasset" 144
"../../../../../Users/CEDRIC/Desktop/RollBoll_Remake/RollBollRemake/Content/LPSDeluxe2TropicalEnvironment/LPSD2_Materials/SpecialMaterials/MiscMaterials/M_WoodPlank.uasset" 145
"../../../../../Users/CEDRIC/Desktop/RollBoll_Remake/RollBollRemake/Content/LPSDeluxe2TropicalEnvironment/LPSD2_Materials/SpecialMaterials/WindMaterials/MI_Wind_10.uasset" 146
"../../../../../Users/CEDRIC/Desktop/RollBoll_Remake/RollBollRemake/Content/LPSDeluxe2TropicalEnvironment/LPSD2_Materials/SpecialMaterials/WindMaterials/MI_Wind_11.uasset" 147
"../../../../../Users/CEDRIC/Desktop/RollBoll_Remake/RollBollRemake/Content/LPSDeluxe2TropicalEnvironment/LPSD2_Materials/SpecialMaterials/WindMaterials/MI_Wind_12.uasset" 148
"../../../../../Users/CEDRIC/Desktop/RollBoll_Remake/RollBollRemake/Content/LPSDeluxe2TropicalEnvironment/LPSD2_Materials/SpecialMaterials/WindMaterials/MI_Wind_13.uasset" 149
"../../../../../Users/CEDRIC/Desktop/RollBoll_Remake/RollBollRemake/Content/LPSDeluxe2TropicalEnvironment/LPSD2_Materials/SpecialMaterials/WindMaterials/MI_Wind_14.uasset" 150
"../../../../../Users/CEDRIC/Desktop/RollBoll_Remake/RollBollRemake/Content/LPSDeluxe2TropicalEnvironment/LPSD2_Materials/SpecialMaterials/WindMaterials/MI_Wind_15.uasset" 151
"../../../../../Users/CEDRIC/Desktop/RollBoll_Remake/RollBollRemake/Content/LPSDeluxe2TropicalEnvironment/LPSD2_Materials/SpecialMaterials/WindMaterials/MI_Wind_16.uasset" 152
"../../../../../Users/CEDRIC/Desktop/RollBoll_Remake/RollBollRemake/Content/LPSDeluxe2TropicalEnvironment/LPSD2_Materials/SpecialMaterials/WindMaterials/MI_Wind_17.uasset" 153
"../../../../../Users/CEDRIC/Desktop/RollBoll_Remake/RollBollRemake/Content/LPSDeluxe2TropicalEnvironment/LPSD2_Materials/SpecialMaterials/WindMaterials/MI_Wind_2.uasset" 154
"../../../../../Users/CEDRIC/Desktop/RollBoll_Remake/RollBollRemake/Content/LPSDeluxe2TropicalEnvironment/LPSD2_Materials/SpecialMaterials/WindMaterials/MI_Wind_3.uasset" 155
"../../../../../Users/CEDRIC/Desktop/RollBoll_Remake/RollBollRemake/Content/LPSDeluxe2TropicalEnvironment/LPSD2_Materials/SpecialMaterials/WindMaterials/MI_Wind_4.uasset" 156
"../../../../../Users/CEDRIC/Desktop/RollBoll_Remake/RollBollRemake/Content/LPSDeluxe2TropicalEnvironment/LPSD2_Materials/SpecialMaterials/WindMaterials/MI_Wind_5.uasset" 157
"../../../../../Users/CEDRIC/Desktop/RollBoll_Remake/RollBollRemake/Content/LPSDeluxe2TropicalEnvironment/LPSD2_Materials/SpecialMaterials/WindMaterials/MI_Wind_6.uasset" 158
"../../../../../Users/CEDRIC/Desktop/RollBoll_Remake/RollBollRemake/Content/LPSDeluxe2TropicalEnvironment/LPSD2_Materials/SpecialMaterials/WindMaterials/MI_Wind_8.uasset" 159
"../../../../../Users/CEDRIC/Desktop/RollBoll_Remake/RollBollRemake/Content/LPSDeluxe2TropicalEnvironment/LPSD2_Materials/SpecialMaterials/WindMaterials/MI_Wind_9.uasset" 160
"../../../../../Users/CEDRIC/Desktop/RollBoll_Remake/RollBollRemake/Content/LPSDeluxe2TropicalEnvironment/LPSD2_Materials/Materials/Master_Color_Instances/MI_Color_Navy.uasset" 161
"../../../../../Users/CEDRIC/Desktop/RollBoll_Remake/RollBollRemake/Content/LPSDeluxe2TropicalEnvironment/LPSD2_Meshes/Beach/SM_BeachTowel_1.uasset" 162
"../../../../../Users/CEDRIC/Desktop/RollBoll_Remake/RollBollRemake/Content/LPSDeluxe2TropicalEnvironment/LPSD2_Materials/SpecialMaterials/WindMaterials/MI_Wind_7.uasset" 163
"../../../../../Users/CEDRIC/Desktop/RollBoll_Remake/RollBollRemake/Content/LPSDeluxe2TropicalEnvironment/LPSD2_Meshes/Flora/SM_CoconutPalm_1.uasset" 164
"../../../../../Users/CEDRIC/Desktop/RollBoll_Remake/RollBollRemake/Content/LPSDeluxe2TropicalEnvironment/LPSD2_Materials/SpecialMaterials/MiscMaterials/M_LightShaft.uasset" 165
"../../../../../Users/CEDRIC/Desktop/RollBoll_Remake/RollBollRemake/Content/LPSDeluxe2TropicalEnvironment/LPSD2_Meshes/Misc/SM_LightShaft_1.uasset" 166
"../../../../../Users/CEDRIC/Desktop/RollBoll_Remake/RollBollRemake/Content/LPSDeluxe2TropicalEnvironment/LPSD2_Materials/Materials/Master_Color_Instances/MI_Glow_Sky.uasset" 167
"../../../../../Users/CEDRIC/Desktop/RollBoll_Remake/RollBollRemake/Content/LPSDeluxe2TropicalEnvironment/LPSD2_Meshes/Misc/SM_SkyDome_1.uasset" 168
"../../../../../Users/CEDRIC/Desktop/RollBoll_Remake/RollBollRemake/Content/LPSDeluxe2TropicalEnvironment/LPSD2_Textures/T_LPSD2_Logo.uasset" 169
"../../../../../Users/CEDRIC/Desktop/RollBoll_Remake/RollBollRemake/Content/LPSDeluxe2TropicalEnvironment/LPSD2_Materials/SpecialMaterials/MiscMaterials/M_LPSD2_Logo.uasset" 170
"../../../../../Users/CEDRIC/Desktop/RollBoll_Remake/RollBollRemake/Content/LPSDeluxe2TropicalEnvironment/LPSD2_Meshes/Misc/SM_SPlane_1.uasset" 171
"../../../../../Users/CEDRIC/Desktop/RollBoll_Remake/RollBollRemake/Content/LPSDeluxe2TropicalEnvironment/LPSD2_Meshes/Mountain/SM_TRock_1.uasset" 172
"../../../../../Users/CEDRIC/Desktop/RollBoll_Remake/RollBollRemake/Content/LPSDeluxe2TropicalEnvironment/LPSD2_Meshes/Mountain/SM_TRock_2.uasset" 173
"../../../../../Users/CEDRIC/Desktop/RollBoll_Remake/RollBollRemake/Content/LPSDeluxe2TropicalEnvironment/LPSD2_Materials/SpecialMaterials/WaterMaterials/M_Water_Waves.uasset" 174
"../../../../../Users/CEDRIC/Desktop/RollBoll_Remake/RollBollRemake/Content/LPSDeluxe2TropicalEnvironment/LPSD2_Meshes/Water/SM_PixelWater_1.uasset" 175
"../../../../../Users/CEDRIC/Desktop/RollBoll_Remake/RollBollRemake/Content/LPSDeluxe2TropicalEnvironment/LPSD2_Meshes/Water/SM_PixelWater_2.uasset" 176
"../../../../../Users/CEDRIC/Desktop/RollBoll_Remake/RollBollRemake/Content/LPSDeluxe2TropicalEnvironment/LPSD2_Materials/Materials/Master_Color_Instances/MI_Glow_Cloud.uasset" 177
"../../../../../Users/CEDRIC/Desktop/RollBoll_Remake/RollBollRemake/Content/LPSDeluxe2TropicalEnvironment/LPSD2_Meshes/Water/SM_TropicalCloud_3.uasset" 178
"../../../../../Users/CEDRIC/Desktop/RollBoll_Remake/RollBollRemake/Content/LPSDeluxe2TropicalEnvironment/LPSD2_Meshes/Water/SM_TropicCloud_1.uasset" 179
"../../../../../Users/CEDRIC/Desktop/RollBoll_Remake/RollBollRemake/Content/LPSDeluxe2TropicalEnvironment/LPSD2_Meshes/Water/SM_TropicCloud_2.uasset" 180
"../../../../../Users/CEDRIC/Desktop/RollBoll_Remake/RollBollRemake/Content/LPSDeluxe2TropicalEnvironment/LPSD2_Materials/SpecialMaterials/WaterMaterials/M_WaterFall.uasset" 181
"../../../../../Users/CEDRIC/Desktop/RollBoll_Remake/RollBollRemake/Content/LPSDeluxe2TropicalEnvironment/LPSD2_Meshes/Water/SM_TropicWaterFall_1.uasset" 182
"../../../../../Users/CEDRIC/Desktop/RollBoll_Remake/RollBollRemake/Content/LPSDeluxe2TropicalEnvironment/LPSD2_Materials/SpecialMaterials/WaterMaterials/M_WaterSplash.uasset" 183
"../../../../../Users/CEDRIC/Desktop/RollBoll_Remake/RollBollRemake/Content/LPSDeluxe2TropicalEnvironment/LPSD2_Meshes/Water/SM_WaterFallSplash_1.uasset" 184
"../../../../../Users/CEDRIC/Desktop/RollBoll_Remake/RollBollRemake/Content/LPSDeluxe2TropicalEnvironment/LPSD2_Meshes/Water/SM_WaterFallSplash_2.uasset" 185
"../../../../../Users/CEDRIC/Desktop/RollBoll_Remake/RollBollRemake/Content/LPSDeluxe2TropicalEnvironment/LPSD2_Materials/SpecialMaterials/WaterMaterials/M_Water_Tropic.uasset" 186
"../../../../../Users/CEDRIC/Desktop/RollBoll_Remake/RollBollRemake/Content/LPSDeluxe2TropicalEnvironment/LPSD2_Meshes/Water/SM_Water_CircleLarge.uasset" 187
"../../../../../Users/CEDRIC/Desktop/RollBoll_Remake/RollBollRemake/Content/LPSDeluxe2TropicalEnvironment/LPSD2_Meshes/Water/SM_Water_CircleMed.uasset" 188
"../../../../../Users/CEDRIC/Desktop/RollBoll_Remake/RollBollRemake/Content/LPSDeluxe2TropicalEnvironment/LPSD2_Meshes/Water/SM_Water_CircleSmall.uasset" 189
"../../../../../Users/CEDRIC/Desktop/RollBoll_Remake/RollBollRemake/Content/StarterContent/Audio/Collapse01.uasset" 190
"../../../../../Users/CEDRIC/Desktop/RollBoll_Remake/RollBollRemake/Content/StarterContent/Audio/Collapse02.uasset" 191
"../../../../../Users/CEDRIC/Desktop/RollBoll_Remake/RollBollRemake/Content/StarterContent/Audio/Collapse_Cue.uasset" 192
"../../../../../Users/CEDRIC/Desktop/RollBoll_Remake/RollBollRemake/Content/StarterContent/Audio/Explosion01.uasset" 193
"../../../../../Users/CEDRIC/Desktop/RollBoll_Remake/RollBollRemake/Content/StarterContent/Audio/Explosion02.uasset" 194
"../../../../../Users/CEDRIC/Desktop/RollBoll_Remake/RollBollRemake/Content/StarterContent/Audio/Fire01.uasset" 195
"../../../../../Users/CEDRIC/Desktop/RollBoll_Remake/RollBollRemake/Content/StarterContent/Audio/Fire_Sparks01.uasset" 196
"../../../../../Users/CEDRIC/Desktop/RollBoll_Remake/RollBollRemake/Content/StarterContent/Audio/Light01.uasset" 197
"../../../../../Users/CEDRIC/Desktop/RollBoll_Remake/RollBollRemake/Content/StarterContent/Audio/Light01_Cue.uasset" 198
"../../../../../Users/CEDRIC/Desktop/RollBoll_Remake/RollBollRemake/Content/StarterContent/Audio/Light02.uasset" 199
"../../../../../Users/CEDRIC/Desktop/RollBoll_Remake/RollBollRemake/Content/StarterContent/Audio/Light02_Cue.uasset" 200
"../../../../../Users/CEDRIC/Desktop/RollBoll_Remake/RollBollRemake/Content/StarterContent/Audio/Smoke01.uasset" 201
"../../../../../Users/CEDRIC/Desktop/RollBoll_Remake/RollBollRemake/Content/StarterContent/Audio/Starter_Birds01.uasset" 202
"../../../../../Users/CEDRIC/Desktop/RollBoll_Remake/RollBollRemake/Content/StarterContent/Audio/Starter_Music01.uasset" 203
"../../../../../Users/CEDRIC/Desktop/RollBoll_Remake/RollBollRemake/Content/StarterContent/Audio/Starter_Music_Cue.uasset" 204
"../../../../../Users/CEDRIC/Desktop/RollBoll_Remake/RollBollRemake/Content/StarterContent/Audio/Starter_Wind05.uasset" 205
"../../../../../Users/CEDRIC/Desktop/RollBoll_Remake/RollBollRemake/Content/StarterContent/Audio/Starter_Wind06.uasset" 206
"../../../../../Users/CEDRIC/Desktop/RollBoll_Remake/RollBollRemake/Content/StarterContent/Audio/Steam01.uasset" 207
"../../../../../Users/CEDRIC/Desktop/RollBoll_Remake/RollBollRemake/Content/StarterContent/Particles/Materials/M_smoke_subUV.uasset" 208
"../../../Engine/Content/Functions/Engine_MaterialFunctions01/Gradient/RadialGradient.uasset" 209
"../../../../../Users/CEDRIC/Desktop/RollBoll_Remake/RollBollRemake/Content/StarterContent/Particles/Materials/M_radial_ramp.uasset" 210
"../../../../../Users/CEDRIC/Desktop/RollBoll_Remake/RollBollRemake/Content/StarterContent/Particles/Materials/m_flare_01.uasset" 211
"../../../../../Users/CEDRIC/Desktop/RollBoll_Remake/RollBollRemake/Content/StarterContent/Particles/Materials/M_explosion_subUV.uasset" 212
"../../../../../Users/CEDRIC/Desktop/RollBoll_Remake/RollBollRemake/Content/StarterContent/Particles/Materials/M_Burst.uasset" 213
"../../../../../Users/CEDRIC/Desktop/RollBoll_Remake/RollBollRemake/Content/StarterContent/Particles/P_Explosion.uasset" 214
"../../../../../Users/CEDRIC/Desktop/RollBoll_Remake/RollBollRemake/Content/StarterContent/Audio/Explosion_Cue.uasset" 215
"../../../../../Users/CEDRIC/Desktop/RollBoll_Remake/RollBollRemake/Content/StarterContent/Blueprints/Blueprint_Effect_Explosion.uasset" 216
"../../../../../Users/CEDRIC/Desktop/RollBoll_Remake/RollBollRemake/Content/StarterContent/Particles/Materials/M_Radial_Gradient.uasset" 217
"../../../../../Users/CEDRIC/Desktop/RollBoll_Remake/RollBollRemake/Content/StarterContent/Particles/Materials/M_Heat_Distortion.uasset" 218
"../../../../../Users/CEDRIC/Desktop/RollBoll_Remake/RollBollRemake/Content/StarterContent/Particles/Materials/M_Fire_SubUV.uasset" 219
"../../../../../Users/CEDRIC/Desktop/RollBoll_Remake/RollBollRemake/Content/StarterContent/Particles/P_Fire.uasset" 220
"../../../../../Users/CEDRIC/Desktop/RollBoll_Remake/RollBollRemake/Content/StarterContent/Audio/Fire01_Cue.uasset" 221
"../../../../../Users/CEDRIC/Desktop/RollBoll_Remake/RollBollRemake/Content/StarterContent/Blueprints/Blueprint_Effect_Fire.uasset" 222
"../../../../../Users/CEDRIC/Desktop/RollBoll_Remake/RollBollRemake/Content/StarterContent/Particles/P_Smoke.uasset" 223
"../../../../../Users/CEDRIC/Desktop/RollBoll_Remake/RollBollRemake/Content/StarterContent/Audio/Smoke01_Cue.uasset" 224
"../../../../../Users/CEDRIC/Desktop/RollBoll_Remake/RollBollRemake/Content/StarterContent/Blueprints/Blueprint_Effect_Smoke.uasset" 225
"../../../../../Users/CEDRIC/Desktop/RollBoll_Remake/RollBollRemake/Content/StarterContent/Particles/Materials/M_Spark.uasset" 226
"../../../../../Users/CEDRIC/Desktop/RollBoll_Remake/RollBollRemake/Content/StarterContent/Particles/P_Sparks.uasset" 227
"../../../../../Users/CEDRIC/Desktop/RollBoll_Remake/RollBollRemake/Content/StarterContent/Audio/Fire_Sparks01_Cue.uasset" 228
"../../../../../Users/CEDRIC/Desktop/RollBoll_Remake/RollBollRemake/Content/StarterContent/Blueprints/Blueprint_Effect_Sparks.uasset" 229
"../../../../../Users/CEDRIC/Desktop/RollBoll_Remake/RollBollRemake/Content/StarterContent/Particles/P_Steam_Lit.uasset" 230
"../../../../../Users/CEDRIC/Desktop/RollBoll_Remake/RollBollRemake/Content/StarterContent/Audio/Steam01_Cue.uasset" 231
"../../../../../Users/CEDRIC/Desktop/RollBoll_Remake/RollBollRemake/Content/StarterContent/Blueprints/Blueprint_Effect_Steam.uasset" 232
"../../../../../Users/CEDRIC/Desktop/RollBoll_Remake/RollBollRemake/Content/StarterContent/Particles/Materials/M_Dust_Particle.uasset" 233
"../../../../../Users/CEDRIC/Desktop/RollBoll_Remake/RollBollRemake/Content/StarterContent/Particles/P_Ambient_Dust.uasset" 234
"../../../../../Users/CEDRIC/Desktop/RollBoll_Remake/RollBollRemake/Content/StarterContent/Shapes/Shape_Cone.uasset" 235
"../../../../../Users/CEDRIC/Desktop/RollBoll_Remake/RollBollRemake/Content/StarterContent/Shapes/Shape_Cylinder.uasset" 236
"../../../../../Users/CEDRIC/Desktop/RollBoll_Remake/RollBollRemake/Content/StarterContent/Shapes/Shape_NarrowCapsule.uasset" 237
"../../../../../Users/CEDRIC/Desktop/RollBoll_Remake/RollBollRemake/Content/StarterContent/Shapes/Shape_Pipe.uasset" 238
"../../../../../Users/CEDRIC/Desktop/RollBoll_Remake/RollBollRemake/Content/StarterContent/Shapes/Shape_Pipe_180.uasset" 239
"../../../../../Users/CEDRIC/Desktop/RollBoll_Remake/RollBollRemake/Content/StarterContent/Shapes/Shape_Pipe_90.uasset" 240
"../../../../../Users/CEDRIC/Desktop/RollBoll_Remake/RollBollRemake/Content/StarterContent/Architecture/Floor_400x400.uasset" 241
"../../../../../Users/CEDRIC/Desktop/RollBoll_Remake/RollBollRemake/Content/StarterContent/Architecture/Pillar_50x500.uasset" 242
"../../../../../Users/CEDRIC/Desktop/RollBoll_Remake/RollBollRemake/Content/StarterContent/Architecture/SM_AssetPlatform.uasset" 243
"../../../../../Users/CEDRIC/Desktop/RollBoll_Remake/RollBollRemake/Content/StarterContent/Architecture/Wall_400x200.uasset" 244
"../../../../../Users/CEDRIC/Desktop/RollBoll_Remake/RollBollRemake/Content/StarterContent/Architecture/Wall_400x300.uasset" 245
"../../../../../Users/CEDRIC/Desktop/RollBoll_Remake/RollBollRemake/Content/StarterContent/Architecture/Wall_400x400.uasset" 246
"../../../../../Users/CEDRIC/Desktop/RollBoll_Remake/RollBollRemake/Content/StarterContent/Architecture/Wall_500x500.uasset" 247
"../../../../../Users/CEDRIC/Desktop/RollBoll_Remake/RollBollRemake/Content/StarterContent/Architecture/Wall_Door_400x300.uasset" 248
"../../../../../Users/CEDRIC/Desktop/RollBoll_Remake/RollBollRemake/Content/StarterContent/Architecture/Wall_Door_400x400.uasset" 249
"../../../../../Users/CEDRIC/Desktop/RollBoll_Remake/RollBollRemake/Content/StarterContent/Architecture/Wall_Window_400x300.uasset" 250
"../../../../../Users/CEDRIC/Desktop/RollBoll_Remake/RollBollRemake/Content/StarterContent/Architecture/Wall_Window_400x400.uasset" 251
"../../../../../Users/CEDRIC/Desktop/RollBoll_Remake/RollBollRemake/Content/StarterContent/Blueprints/Blueprint_CeilingLight.uasset" 252
"../../../../../Users/CEDRIC/Desktop/RollBoll_Remake/RollBollRemake/Content/StarterContent/Blueprints/Blueprint_WallSconce.uasset" 253
"../../../../../Users/CEDRIC/Desktop/RollBoll_Remake/RollBollRemake/Content/StarterContent/Blueprints/Assets/SunlightColorLUT.uasset" 254
"../../../Engine/Content/EngineMaterials/T_Default_Material_Grid_N.uasset" 255
"../../../Engine/Content/EngineMaterials/T_Default_Material_Grid_M.uasset" 256
"../../../Engine/Content/Functions/Engine_MaterialFunctions01/Opacity/CameraDepthFade.uasset" 257
"../../../Engine/Content/EngineMaterials/WorldGridMaterial.uasset" 258
"../../../../../Users/CEDRIC/Desktop/RollBoll_Remake/RollBollRemake/Content/StarterContent/Blueprints/Assets/SM_Arrows.uasset" 259
"../../../Engine/Content/EditorMaterials/Thumbnails/SkySphereMaterial.uasset" 260
"../../../../../Users/CEDRIC/Desktop/RollBoll_Remake/RollBollRemake/Content/StarterContent/Blueprints/Assets/Skybox.uasset" 261
"../../../Engine/Content/MapTemplates/Sky/DaylightAmbientCubemap.uasset" 262
"../../../../../Users/CEDRIC/Desktop/RollBoll_Remake/RollBollRemake/Content/StarterContent/Blueprints/Assets/M_LightStage_Skybox_Master.uasset" 263
"../../../../../Users/CEDRIC/Desktop/RollBoll_Remake/RollBollRemake/Content/StarterContent/Blueprints/Assets/M_LightStage_Skybox_HDRI.uasset" 264
"../../../../../Users/CEDRIC/Desktop/RollBoll_Remake/RollBollRemake/Content/StarterContent/Blueprints/Assets/M_LightStage_Skybox_Black.uasset" 265
"../../../../../Users/CEDRIC/Desktop/RollBoll_Remake/RollBollRemake/Content/StarterContent/Blueprints/Assets/M_LightStage_Arrows.uasset" 266
"../../../../../Users/CEDRIC/Desktop/RollBoll_Remake/RollBollRemake/Content/StarterContent/Blueprints/Assets/FogBrightnessLUT.uasset" 267
"../../../../../Users/CEDRIC/Desktop/RollBoll_Remake/RollBollRemake/Content/StarterContent/Blueprints/BP_LightStudio.uasset" 268
"../../../../../Users/CEDRIC/Desktop/RollBoll_Remake/RollBollRemake/Content/StarterContent/Shapes/Shape_Torus.uasset" 269
"../../../../../Users/CEDRIC/Desktop/RollBoll_Remake/RollBollRemake/Content/StarterContent/Shapes/Shape_Trim.uasset" 270
"../../../../../Users/CEDRIC/Desktop/RollBoll_Remake/RollBollRemake/Content/StarterContent/Shapes/Shape_Trim_90_In.uasset" 271
"../../../../../Users/CEDRIC/Desktop/RollBoll_Remake/RollBollRemake/Content/StarterContent/Shapes/Shape_Trim_90_Out.uasset" 272
"../../../../../Users/CEDRIC/Desktop/RollBoll_Remake/RollBollRemake/Content/StarterContent/Shapes/Shape_TriPyramid.uasset" 273
"../../../../../Users/CEDRIC/Desktop/RollBoll_Remake/RollBollRemake/Content/StarterContent/Shapes/Shape_Tube.uasset" 274
"../../../../../Users/CEDRIC/Desktop/RollBoll_Remake/RollBollRemake/Content/StarterContent/Shapes/Shape_Wedge_A.uasset" 275
"../../../../../Users/CEDRIC/Desktop/RollBoll_Remake/RollBollRemake/Content/StarterContent/Shapes/Shape_Wedge_B.uasset" 276
"../../../../../Users/CEDRIC/Desktop/RollBoll_Remake/RollBollRemake/Content/StarterContent/Shapes/Shape_WideCapsule.uasset" 277
"../../../../../Users/CEDRIC/Desktop/RollBoll_Remake/RollBollRemake/Content/StarterContent/Shapes/Shape_QuadPyramid.uasset" 278
"../../../Engine/Content/ArtTools/RenderToTexture/Meshes/S_1_Unit_Plane.uasset" 279
"../../../Engine/Content/EngineMaterials/DefaultMaterial.uasset" 280
"../../../Engine/Content/BasicShapes/Cone.uasset" 281
"../../../Engine/Content/BasicShapes/Cube.uasset" 282
"../../../Engine/Content/BasicShapes/Plane.uasset" 283
"../../../Engine/Content/BasicShapes/Sphere.uasset" 284
"../../../Engine/Content/EditorLandscapeResources/DataLayer.uasset" 285
"../../../Engine/Content/EditorLandscapeResources/DefaultAlphaTexture.uasset" 286
"../../../Engine/Content/EditorMaterials/MAT_Groups_Toggle.uasset" 287
"../../../Engine/Content/EditorMaterials/MAT_Groups_Visibility.uasset" 288
"../../../Engine/Content/EditorMaterials/PreviewShadowIndicator.uasset" 289
"../../../Engine/Content/EditorMaterials/PreviewShadowIndicatorMaterial.uasset" 290
"../../../Engine/Content/EditorMaterials/MatineeGroups/MAT_ColorTrack.uasset" 291
"../../../Engine/Content/EditorMaterials/MatineeGroups/MAT_Groups_Anim.uasset" 292
"../../../Engine/Content/EditorMaterials/MatineeGroups/MAT_Groups_AudioMaster.uasset" 293
"../../../Engine/Content/EditorMaterials/MatineeGroups/MAT_Groups_Director.uasset" 294
"../../../Engine/Content/EditorMaterials/MatineeGroups/MAT_Groups_Event.uasset" 295
"../../../Engine/Content/EditorMaterials/MatineeGroups/MAT_Groups_Fade.uasset" 296
"../../../Engine/Content/EditorMaterials/MatineeGroups/MAT_Groups_Float.uasset" 297
"../../../Engine/Content/EditorMaterials/MatineeGroups/MAT_Groups_Move.uasset" 298
"../../../Engine/Content/EditorMaterials/MatineeGroups/MAT_Groups_Slomo.uasset" 299
"../../../Engine/Content/EditorMaterials/MatineeGroups/MAT_Groups_Sound.uasset" 300
"../../../Engine/Content/EditorMaterials/MatineeGroups/MAT_Groups_Vector.uasset" 301
"../../../Engine/Content/EditorMaterials/ParticleSystems/PSysThumbnail_NoImage.uasset" 302
"../../../Engine/Content/EditorMaterials/ParticleSystems/PSysThumbnail_OOD.uasset" 303
"../../../Engine/Content/EditorMaterials/Camera/CineMat.uasset" 304
"../../../Engine/Content/EditorMaterials/Camera/MI_CineMat_Rig.uasset" 305
"../../../Engine/Content/EditorMeshes/Camera/SM_CraneRig_Arm.uasset" 306
"../../../Engine/Content/EditorMeshes/Camera/SM_CraneRig_Base.uasset" 307
"../../../Engine/Content/EditorMeshes/Camera/SM_CraneRig_Body.uasset" 308
"../../../Engine/Content/EditorMeshes/Camera/SM_CraneRig_Mount.uasset" 309
"../../../Engine/Content/EditorMeshes/Camera/SM_RailRig_Mount.uasset" 310
"../../../Engine/Content/EditorMeshes/Camera/SM_RailRig_Track.uasset" 311
"../../../Engine/Content/EditorResources/BSPVertex.uasset" 312
"../../../Engine/Content/EditorResources/EmptyActor.uasset" 313
"../../../Engine/Content/EditorResources/S_Actor.uasset" 314
"../../../Engine/Content/EditorResources/S_Note.uasset" 315
"../../../Engine/Content/EditorResources/S_Solver.uasset" 316
"../../../Engine/Content/EditorResources/S_Terrain.uasset" 317
"../../../Engine/Content/EditorResources/S_Trigger.uasset" 318
"../../../Engine/Content/EditorResources/AudioIcons/S_AudioComponent_AutoActivate.uasset" 319
"../../../Engine/Content/EditorResources/LightIcons/S_LightError.uasset" 320
"../../../Engine/Content/EditorResources/SequenceRecorder/Countdown.uasset" 321
"../../../Engine/Content/EditorResources/SequenceRecorder/RecordingIndicator.uasset" 322
"../../../Engine/Content/EngineDamageTypes/DmgTypeBP_Environmental.uasset" 323
"../../../Engine/Content/EngineDebugMaterials/DebugEditorMaterial.uasset" 324
"../../../Engine/Content/EngineDebugMaterials/DebugMeshMaterial.uasset" 325
"../../../Engine/Content/EngineDebugMaterials/M_SimpleUnlitTranslucent.uasset" 326
"../../../Engine/Content/EngineDebugMaterials/VolumeToRender.uasset" 327
"../../../Engine/Content/Functions/Engine_MaterialFunctions02/Utility/CameraDirectionVector.uasset" 328
"../../../Engine/Content/EngineDebugMaterials/M_VolumeRenderSphereTracePP.uasset" 329
"../../../Engine/Content/Functions/Engine_MaterialFunctions01/Shading/ConvertFromDiffSpec.uasset" 330
"../../../Engine/Content/EngineDebugMaterials/VertexColorMaterial.uasset" 331
"../../../Engine/Content/EngineDebugMaterials/WireframeMaterial.uasset" 332
"../../../Engine/Content/EngineFonts/Faces/RobotoRegular.uasset" 333
"../../../Engine/Content/EngineFonts/Faces/RobotoLight.uasset" 334
"../../../Engine/Content/EngineFonts/Faces/RobotoItalic.uasset" 335
"../../../Engine/Content/EngineFonts/Faces/RobotoBoldItalic.uasset" 336
"../../../Engine/Content/EngineFonts/Faces/RobotoBold.uasset" 337
"../../../Engine/Content/EngineFonts/Faces/DroidSansFallback.uasset" 338
"../../../Engine/Content/EngineFonts/Roboto.uasset" 339
"../../../Engine/Content/EngineMaterials/BaseFlattenNormalMap.uasset" 340
"../../../Engine/Content/EngineMaterials/BaseFlattenGrayscaleMap.uasset" 341
"../../../Engine/Content/EngineMaterials/BaseFlattenEmissiveMap.uasset" 342
"../../../Engine/Content/EngineMaterials/BaseFlattenDiffuseMap.uasset" 343
"../../../Engine/Content/EngineMaterials/BaseFlattenMaterial.uasset" 344
"../../../Engine/Content/EngineMaterials/BlueNoise.uasset" 345
"../../../Engine/Content/EngineMaterials/DefaultBloomKernel.uasset" 346
"../../../Engine/Content/EngineMaterials/DefaultBokeh.uasset" 347
"../../../Engine/Content/EngineMaterials/DefaultDeferredDecalMaterial.uasset" 348
"../../../Engine/Content/EngineMaterials/DefaultLightFunctionMaterial.uasset" 349
"../../../Engine/Content/EngineMaterials/DefaultPhysicalMaterial.uasset" 350
"../../../Engine/Content/Functions/Engine_MaterialFunctions02/Utility/BreakOutFloat2Components.uasset" 351
"../../../Engine/Content/EngineMaterials/DefaultPostProcessMaterial.uasset" 352
"../../../Engine/Content/EngineFonts/RobotoDistanceField.uasset" 353
"../../../Engine/Content/EngineMaterials/DefaultTextMaterialOpaque.uasset" 354
"../../../Engine/Content/EngineMaterials/DefaultWhiteGrid.uasset" 355
"../../../Engine/Content/EngineMaterials/DefaultWhiteGrid_Low.uasset" 356
"../../../Engine/Content/EngineMaterials/EmissiveMeshMaterial.uasset" 357
"../../../Engine/Content/EngineMaterials/GizmoMaterial.uasset" 358
"../../../Engine/Content/EngineMaterials/Good64x64TilingNoiseHighFreq.uasset" 359
"../../../Engine/Content/EngineMaterials/MiniFont.uasset" 360
"../../../Engine/Content/EngineMaterials/InvalidLightmapSettings.uasset" 361
"../../../Engine/Content/EngineMaterials/M_InvalidLightmapSettings.uasset" 362
"../../../Engine/Content/Functions/Engine_MaterialFunctions02/WorldPositionOffset/CameraOffset.uasset" 363
"../../../Engine/Content/EngineMaterials/PhAT_JointLimitMaterial.uasset" 364
"../../../Engine/Content/EngineMaterials/PreintegratedSkinBRDF.uasset" 365
"../../../Engine/Content/EngineMaterials/RemoveSurfaceMaterial.uasset" 366
"../../../Engine/Content/EngineResources/WhiteSquareTexture.uasset" 367
"../../../Engine/Content/EngineMaterials/Widget3DPassThrough.uasset" 368
"../../../Engine/Content/EngineMaterials/Widget3DPassThrough_Masked.uasset" 369
"../../../Engine/Content/EngineMaterials/Widget3DPassThrough_Opaque.uasset" 370
"../../../Engine/Content/EngineMaterials/Widget3DPassThrough_Masked_OneSided.uasset" 371
"../../../Engine/Content/EngineMaterials/Widget3DPassThrough_Opaque_OneSided.uasset" 372
"../../../Engine/Content/EngineMaterials/Widget3DPassThrough_Translucent.uasset" 373
"../../../Engine/Content/EngineMaterials/Widget3DPassThrough_Translucent_OneSided.uasset" 374
"../../../Engine/Content/EngineMeshes/Cylinder.uasset" 375
"../../../Engine/Content/EngineMeshes/Sphere.uasset" 376
"../../../Engine/Content/EngineResources/Black.uasset" 377
"../../../Engine/Content/EngineResources/DefaultTextureCube.uasset" 378
"../../../Engine/Content/EngineResources/DefaultVolumeTexture2D.uasset" 379
"../../../Engine/Content/EngineResources/DefaultVolumeTexture.uasset" 380
"../../../Engine/Content/EngineResources/GradientTexture0.uasset" 381
"../../../Engine/Content/EngineSky/VolumetricClouds/T_NoiseShape64.uasset" 382
"../../../Engine/Content/EngineSky/VolumetricClouds/T_VolumeNoiseShape64.uasset" 383
"../../../Engine/Content/EngineSky/VolumetricClouds/T_NoiseErosion.uasset" 384
"../../../Engine/Content/EngineSky/VolumetricClouds/T_VolumeNoiseErosion32.uasset" 385
"../../../Engine/Content/EngineSky/VolumetricClouds/CloudWeatherTexture.uasset" 386
"../../../Engine/Content/EngineSky/VolumetricClouds/CloudGradientTexture.uasset" 387
"../../../Engine/Content/EngineSky/VolumetricClouds/m_SimpleVolumetricCloud.uasset" 388
"../../../Engine/Content/EngineSky/VolumetricClouds/m_SimpleVolumetricCloud_Inst.uasset" 389
"../../../Engine/Content/EngineSounds/Master.uasset" 390
"../../../Engine/Content/Functions/Engine_MaterialFunctions01/Shading/PowerToRoughness.uasset" 391
"../../../Engine/Content/Maps/Templates/Thumbnails/Default.uasset" 392
"../../../Engine/Content/Maps/Templates/Thumbnails/TimeOfDay.uasset" 393
"../../../Engine/Content/Maps/Templates/Thumbnails/VR-Basic.uasset" 394
"../../../Engine/Content/MobileResources/T_MobileControls_texture.uasset" 395
"../../../Engine/Content/MobileResources/T_MobileMenu2.uasset" 396
"../../../Engine/Content/MobileResources/HUD/AnalogHat.uasset" 397
"../../../Engine/Content/MobileResources/HUD/VirtualJoystick_Thumb.uasset" 398
"../../../Engine/Content/MobileResources/HUD/VirtualJoystick_Background.uasset" 399
"../../../Engine/Content/MobileResources/HUD/DefaultVirtualJoysticks.uasset" 400
"../../../Engine/Content/MobileResources/HUD/LeftVirtualJoystickOnly.uasset" 401
"../../../Engine/Content/MobileResources/HUD/MobileHUDButton1_off.uasset" 402
"../../../Engine/Content/MobileResources/HUD/MobileHUDButton1_on.uasset" 403
"../../../Engine/Content/MobileResources/HUD/MobileHUDButton2_off.uasset" 404
"../../../Engine/Content/MobileResources/HUD/MobileHUDButton2_on.uasset" 405
"../../../Engine/Content/MobileResources/HUD/MobileHUDButton3.uasset" 406
"../../../Engine/Content/MobileResources/HUD/MobileHUDButtonFire.uasset" 407
"../../../Engine/Content/MobileResources/HUD/MobileHUDDirectionPad.uasset" 408
"../../../Engine/Content/MobileResources/HUD/MobileHUDDirectionPad2.uasset" 409
"../../../Engine/Content/MobileResources/HUD/MobileHUDDirectionPad3.uasset" 410
"../../../Engine/Content/MobileResources/HUD/MobileHUDDirectionStick.uasset" 411
"../../../Engine/Content/MobileResources/HUD/T_Castle_ThumbstickInner.uasset" 412
"../../../Engine/Content/MobileResources/HUD/T_Castle_ThumbstickOutter.uasset" 413
"../../../Engine/Content/Tutorial/ContentIntroCurve.uasset" 414
"../../../Engine/Content/Tutorial/Basics/LevelEditorAttract.uasset" 415
"../../../Engine/Content/Tutorial/Basics/TutorialAssets/icon_tab_Levels_40x.uasset" 416
"../../../Engine/Content/Tutorial/Basics/LevelEditorOverview.uasset" 417
"../../../Engine/Content/VREditor/TransformGizmo/TranslucentTransformGizmoMaterial.uasset" 418
"../../../Engine/Content/VREditor/LaserPointer/VR_LaserPower_01.uasset" 419
"../../../Engine/Content/VREditor/TransformGizmo/TransformGizmoMaterial.uasset" 420
"../../../Engine/Content/VREditor/TransformGizmo/BoundingBoxCorner.uasset" 421
"../../../Engine/Content/VREditor/TransformGizmo/BoundingBoxEdge.uasset" 422
"../../../Engine/Content/VREditor/TransformGizmo/PlaneTranslationHandle.uasset" 423
"../../../Engine/Content/VREditor/TransformGizmo/Xray.uasset" 424
"../../../Engine/Content/VREditor/TransformGizmo/Main.uasset" 425
"../../../Engine/Content/VREditor/TransformGizmo/SM_Sequencer_Key.uasset" 426
"../../../Engine/Content/VREditor/TransformGizmo/SM_Sequencer_Node.uasset" 427
"../../Plugins/2D/Paper2D/Content/PlaceholderTextures/DummySpriteTexture.uasset" 428
"../../Plugins/2D/Paper2D/Content/DummySprite.uasset" 429
"../../Plugins/2D/Paper2D/Content/DefaultPaperTerrainMaterial.uasset" 430
"../../Plugins/2D/Paper2D/Content/DefaultSpriteMaterial.uasset" 431
"../../Plugins/2D/Paper2D/Content/MaskedUnlitSpriteMaterial.uasset" 432
"../../Plugins/2D/Paper2D/Content/OpaqueUnlitSpriteMaterial.uasset" 433
"../../../Engine/Content/Functions/Engine_MaterialFunctions02/Utility/BreakOutFloat3Components.uasset" 434
"../../Plugins/Editor/SpeedTreeImporter/Content/SpeedTree9/UnpackInteger3.uasset" 435
"../../Plugins/Editor/SpeedTreeImporter/Content/SpeedTree9/UnpackDirection.uasset" 436
"../../Plugins/Editor/SpeedTreeImporter/Content/SpeedTree9/game_wind_noise.uasset" 437
"../../../Engine/Content/Functions/Engine_MaterialFunctions02/SafeNormalize.uasset" 438
"../../Plugins/Editor/SpeedTreeImporter/Content/SpeedTree9/SpeedTreeWindMotion.uasset" 439
"../../Plugins/Editor/SpeedTreeImporter/Content/SpeedTree9/SpeedTreeBranchMotion.uasset" 440
"../../../Engine/Content/Functions/Engine_MaterialFunctions02/ObjectLocalBounds.uasset" 441
"../../../Engine/Content/Functions/Engine_MaterialFunctions02/UVs/BoundingBoxBased_0-1_UVW.uasset" 442
"../../Plugins/Editor/SpeedTreeImporter/Content/SpeedTree9/SpeedTreeWind.uasset" 443
"../../Plugins/Editor/SpeedTreeImporter/Content/SpeedTree9/SpeedTreeBillboard.uasset" 444
"../../../Engine/Content/EngineResources/DefaultTexture.uasset" 445
"../../Plugins/Editor/SpeedTreeImporter/Content/SpeedTree9/SpeedTreeBillboardMaster.uasset" 446
"../../Plugins/Editor/SpeedTreeImporter/Content/SpeedTree9/SpeedTreeCameraFacing.uasset" 447
"../../Plugins/Editor/SpeedTreeImporter/Content/SpeedTree9/SpeedTreeMaster.uasset" 448
"../../../Engine/Content/ArtTools/RenderToTexture/Materials/Debug/M_Emissive_Color.uasset" 449
"../../../Engine/Content/BasicShapes/Cylinder.uasset" 450
"../../Plugins/Lumin/MagicLeapPassableWorld/Content/MagicLeapARPinInfoActor.uasset" 451
"../../../Engine/Content/Functions/Engine_MaterialFunctions02/Utility/BreakOutFloat4Components.uasset" 452
"../../../Engine/Content/Functions/Engine_MaterialFunctions02/Utility/MakeFloat3.uasset" 453
"../../Plugins/Runtime/Oculus/OculusVR/Content/Materials/OculusMR_ChromaKey.uasset" 454
"../../Plugins/Runtime/Oculus/OculusVR/Content/Materials/OculusMR_OpaqueColoredMaterial.uasset" 455
"../../Plugins/Runtime/Oculus/OculusVR/Content/Materials/PokeAHoleMaterial.uasset" 456
"../../../../../Users/CEDRIC/Desktop/RollBoll_Remake/RollBollRemake/Content/StarterContent/Audio/Starter_Background_Cue.uasset" 457
"../../../Engine/Content/EngineSky/T_Sky_Stars.uasset" 458
"../../../Engine/Content/EngineSky/T_Sky_Clouds_M.uasset" 459
"../../../Engine/Content/EngineSky/T_Sky_Blue.uasset" 460
"../../../Engine/Content/EngineSky/M_Sky_Panning_Clouds2.uasset" 461
"../../../../../Users/CEDRIC/Desktop/RollBoll_Remake/RollBollRemake/Content/Maps/Level_1_BuiltData.uasset" 462
"../../../Engine/Content/EngineSky/SM_SkySphere.uasset" 463
"../../../Engine/Content/EngineSky/C_Sky_Zenith_Color.uasset" 464
"../../../Engine/Content/EngineSky/C_Sky_Horizon_Color.uasset" 465
"../../../Engine/Content/EngineSky/C_Sky_Cloud_Color.uasset" 466
"../../../Engine/Content/EngineSky/BP_Sky_Sphere.uasset" 467
"../../../../../Users/CEDRIC/Desktop/RollBoll_Remake/RollBollRemake/Content/Maps/Level_1.umap" 468
"../../../Engine/Content/Maps/Entry_BuiltData.uasset" 469
"../../../Engine/Content/Maps/Entry.umap" 470
